<?xml version="1.0" encoding="UTF-8"?>
<!-- Generated by org.testng.reporters.JUnitXMLReporter -->
<testsuite ignored="0" hostname="tuanpv-HP-ProBook-440-G6" failures="0" tests="5" name="Run on chrome" time="303.821" errors="0" timestamp="12 Sep 2021 13:19:47 GMT">
  <testcase classname="linagora.linshare.sharedspace.SharedSpace_03_Workgroup_Write_Role" name="@BeforeClass beforeClass" time="303.574">
    <failure type="org.openqa.selenium.TimeoutException" message="timeout: Timed out receiving message from renderer: 292.769
  (Session info: chrome=92.0.4515.159)
Build info: version: &amp;apos;3.141.59&amp;apos;, revision: &amp;apos;e82be7d358&amp;apos;, time: &amp;apos;2018-11-14T08:17:03&amp;apos;
System info: host: &amp;apos;tuanpv-HP-ProBook-440-G6&amp;apos;, ip: &amp;apos;127.0.1.1&amp;apos;, os.name: &amp;apos;Linux&amp;apos;, os.arch: &amp;apos;amd64&amp;apos;, os.version: &amp;apos;5.4.0-84-generic&amp;apos;, java.version: &amp;apos;11.0.11&amp;apos;
Driver info: org.openqa.selenium.chrome.ChromeDriver
Capabilities {acceptInsecureCerts: false, browserName: chrome, browserVersion: 92.0.4515.159, chrome: {chromedriverVersion: 92.0.4515.107 (87a818b10553..., userDataDir: /tmp/.com.google.Chrome.oj0CbE}, goog:chromeOptions: {debuggerAddress: localhost:43213}, javascriptEnabled: true, networkConnectionEnabled: false, pageLoadStrategy: normal, platform: LINUX, platformName: LINUX, proxy: Proxy(), setWindowRect: true, strictFileInteractability: false, timeouts: {implicit: 0, pageLoad: 300000, script: 30000}, unhandledPromptBehavior: dismiss and notify, webauthn:extension:credBlob: true, webauthn:extension:largeBlob: true, webauthn:virtualAuthenticators: true}
Session ID: ca05ba87e88bf8434cfbc716e7c0eff8">
      <![CDATA[org.openqa.selenium.TimeoutException: timeout: Timed out receiving message from renderer: 292.769
  (Session info: chrome=92.0.4515.159)
Build info: version: '3.141.59', revision: 'e82be7d358', time: '2018-11-14T08:17:03'
System info: host: 'tuanpv-HP-ProBook-440-G6', ip: '127.0.1.1', os.name: 'Linux', os.arch: 'amd64', os.version: '5.4.0-84-generic', java.version: '11.0.11'
Driver info: org.openqa.selenium.chrome.ChromeDriver
Capabilities {acceptInsecureCerts: false, browserName: chrome, browserVersion: 92.0.4515.159, chrome: {chromedriverVersion: 92.0.4515.107 (87a818b10553..., userDataDir: /tmp/.com.google.Chrome.oj0CbE}, goog:chromeOptions: {debuggerAddress: localhost:43213}, javascriptEnabled: true, networkConnectionEnabled: false, pageLoadStrategy: normal, platform: LINUX, platformName: LINUX, proxy: Proxy(), setWindowRect: true, strictFileInteractability: false, timeouts: {implicit: 0, pageLoad: 300000, script: 30000}, unhandledPromptBehavior: dismiss and notify, webauthn:extension:credBlob: true, webauthn:extension:largeBlob: true, webauthn:virtualAuthenticators: true}
Session ID: ca05ba87e88bf8434cfbc716e7c0eff8
at org.openqa.selenium.remote.http.W3CHttpResponseCodec.createException(W3CHttpResponseCodec.java:187)
at org.openqa.selenium.remote.http.W3CHttpResponseCodec.decode(W3CHttpResponseCodec.java:122)
at org.openqa.selenium.remote.http.W3CHttpResponseCodec.decode(W3CHttpResponseCodec.java:49)
at org.openqa.selenium.remote.HttpCommandExecutor.execute(HttpCommandExecutor.java:158)
at org.openqa.selenium.remote.service.DriverCommandExecutor.execute(DriverCommandExecutor.java:83)
at org.openqa.selenium.remote.RemoteWebDriver.execute(RemoteWebDriver.java:552)
at org.openqa.selenium.remote.RemoteWebDriver.get(RemoteWebDriver.java:277)
at commons.BaseTest.getBrowserForDriver(BaseTest.java:52)
at linagora.linshare.sharedspace.SharedSpace_03_Workgroup_Write_Role.beforeClass(SharedSpace_03_Workgroup_Write_Role.java:31)
... Removed 34 stack frames]]>
    </failure>
  </testcase> <!-- @BeforeClass beforeClass -->
  <testcase classname="linagora.linshare.sharedspace.SharedSpace_03_Workgroup_Write_Role" name="SharedSpace_01_User_Can_Create_WorkGroup_With_New_Name" time="0.0">
    <skipped/>
  </testcase> <!-- SharedSpace_01_User_Can_Create_WorkGroup_With_New_Name -->
  <testcase classname="linagora.linshare.sharedspace.SharedSpace_03_Workgroup_Write_Role" name="SharedSpace_02_User_Can_Create_Folder_In_Workgroup_With_Admin_Right" time="0.0">
    <skipped/>
  </testcase> <!-- SharedSpace_02_User_Can_Create_Folder_In_Workgroup_With_Admin_Right -->
  <testcase classname="linagora.linshare.sharedspace.SharedSpace_03_Workgroup_Write_Role" name="SharedSpace_03_User_Can_Upload_File_In_Workgroup" time="0.0">
    <skipped/>
  </testcase> <!-- SharedSpace_03_User_Can_Upload_File_In_Workgroup -->
  <testcase classname="linagora.linshare.sharedspace.SharedSpace_03_Workgroup_Write_Role" name="SharedSpace_04_User_Can_Add_Member_With_Writer_Right" time="0.0">
    <skipped/>
  </testcase> <!-- SharedSpace_04_User_Can_Add_Member_With_Writer_Right -->
  <testcase classname="linagora.linshare.sharedspace.SharedSpace_03_Workgroup_Write_Role" name="SharedSpace_05_Invited_User_Receive_Workgroup_With_Contributor_Right_In_Shared_Space" time="0.0">
    <skipped/>
  </testcase> <!-- SharedSpace_05_Invited_User_Receive_Workgroup_With_Contributor_Right_In_Shared_Space -->
</testsuite> <!-- Run on chrome -->
