<?xml version="1.0" encoding="UTF-8"?>
<testsuite xmlns:xsi="http://www.w3.org/2001/XMLSchema-instance" xsi:noNamespaceSchemaLocation="https://maven.apache.org/surefire/maven-surefire-plugin/xsd/surefire-test-report.xsd" name="TestSuite" time="305.799" tests="6" errors="0" skipped="5" failures="1">
  <properties>
[...]
</properties>
  <testcase name="beforeClass" classname="linagora.linshare.sharedspace.SharedSpace_03_Workgroup_Write_Role" time="304.779">
    <failure message="timeout: Timed out receiving message from renderer: 292.769&#10;  (Session info: chrome=92.0.4515.159)&#10;Build info: version: &apos;3.141.59&apos;, revision: &apos;e82be7d358&apos;, time: &apos;2018-11-14T08:17:03&apos;&#10;System info: host: &apos;tuanpv-HP-ProBook-440-G6&apos;, ip: &apos;127.0.1.1&apos;, os.name: &apos;Linux&apos;, os.arch: &apos;amd64&apos;, os.version: &apos;5.4.0-84-generic&apos;, java.version: &apos;11.0.11&apos;&#10;Driver info: org.openqa.selenium.chrome.ChromeDriver&#10;Capabilities {acceptInsecureCerts: false, browserName: chrome, browserVersion: 92.0.4515.159, chrome: {chromedriverVersion: 92.0.4515.107 (87a818b10553..., userDataDir: /tmp/.com.google.Chrome.oj0CbE}, goog:chromeOptions: {debuggerAddress: localhost:43213}, javascriptEnabled: true, networkConnectionEnabled: false, pageLoadStrategy: normal, platform: LINUX, platformName: LINUX, proxy: Proxy(), setWindowRect: true, strictFileInteractability: false, timeouts: {implicit: 0, pageLoad: 300000, script: 30000}, unhandledPromptBehavior: dismiss and notify, webauthn:extension:credBlob: true, webauthn:extension:largeBlob: true, webauthn:virtualAuthenticators: true}&#10;Session ID: ca05ba87e88bf8434cfbc716e7c0eff8" type="org.openqa.selenium.TimeoutException">org.openqa.selenium.TimeoutException: 
timeout: Timed out receiving message from renderer: 292.769
  (Session info: chrome=92.0.4515.159)
Build info: version: '3.141.59', revision: 'e82be7d358', time: '2018-11-14T08:17:03'
System info: host: 'tuanpv-HP-ProBook-440-G6', ip: '127.0.1.1', os.name: 'Linux', os.arch: 'amd64', os.version: '5.4.0-84-generic', java.version: '11.0.11'
Driver info: org.openqa.selenium.chrome.ChromeDriver
Capabilities {acceptInsecureCerts: false, browserName: chrome, browserVersion: 92.0.4515.159, chrome: {chromedriverVersion: 92.0.4515.107 (87a818b10553..., userDataDir: /tmp/.com.google.Chrome.oj0CbE}, goog:chromeOptions: {debuggerAddress: localhost:43213}, javascriptEnabled: true, networkConnectionEnabled: false, pageLoadStrategy: normal, platform: LINUX, platformName: LINUX, proxy: Proxy(), setWindowRect: true, strictFileInteractability: false, timeouts: {implicit: 0, pageLoad: 300000, script: 30000}, unhandledPromptBehavior: dismiss and notify, webauthn:extension:credBlob: true, webauthn:extension:largeBlob: true, webauthn:virtualAuthenticators: true}
Session ID: ca05ba87e88bf8434cfbc716e7c0eff8
	at linagora.linshare.sharedspace.SharedSpace_03_Workgroup_Write_Role.beforeClass(SharedSpace_03_Workgroup_Write_Role.java:31)
</failure>
    <system-out><![CDATA[[TestNGContentHandler] [WARN] It is strongly recommended to add "<!DOCTYPE suite SYSTEM "http://testng.org/testng-1.0.dtd" >" at the top of your file, otherwise TestNG may fail or not work as expected.
]]></system-out>
    <system-err><![CDATA[SLF4J: Failed to load class "org.slf4j.impl.StaticLoggerBinder".
SLF4J: Defaulting to no-operation (NOP) logger implementation
SLF4J: See http://www.slf4j.org/codes.html#StaticLoggerBinder for further details.
log4j:ERROR Could not create an Appender. Reported error follows.
java.lang.ClassCastException: class commons.TestNGAppender cannot be cast to class org.apache.log4j.Appender (commons.TestNGAppender and org.apache.log4j.Appender are in unnamed module of loader 'app')
	at org.apache.log4j.xml.DOMConfigurator.parseAppender(DOMConfigurator.java:248)
	at org.apache.log4j.xml.DOMConfigurator.findAppenderByName(DOMConfigurator.java:176)
	at org.apache.log4j.xml.DOMConfigurator.findAppenderByReference(DOMConfigurator.java:191)
	at org.apache.log4j.xml.DOMConfigurator.parseChildrenOfLoggerElement(DOMConfigurator.java:523)
	at org.apache.log4j.xml.DOMConfigurator.parseCategory(DOMConfigurator.java:436)
	at org.apache.log4j.xml.DOMConfigurator.parse(DOMConfigurator.java:999)
	at org.apache.log4j.xml.DOMConfigurator.doConfigure(DOMConfigurator.java:867)
	at org.apache.log4j.xml.DOMConfigurator.doConfigure(DOMConfigurator.java:773)
	at org.apache.log4j.helpers.OptionConverter.selectAndConfigure(OptionConverter.java:483)
	at org.apache.log4j.LogManager.<clinit>(LogManager.java:127)
	at org.apache.log4j.Logger.getLogger(Logger.java:104)
	at org.apache.commons.logging.impl.Log4JLogger.getLogger(Log4JLogger.java:262)
	at org.apache.commons.logging.impl.Log4JLogger.<init>(Log4JLogger.java:108)
	at java.base/jdk.internal.reflect.NativeConstructorAccessorImpl.newInstance0(Native Method)
	at java.base/jdk.internal.reflect.NativeConstructorAccessorImpl.newInstance(NativeConstructorAccessorImpl.java:62)
	at java.base/jdk.internal.reflect.DelegatingConstructorAccessorImpl.newInstance(DelegatingConstructorAccessorImpl.java:45)
	at java.base/java.lang.reflect.Constructor.newInstance(Constructor.java:490)
	at org.apache.commons.logging.impl.LogFactoryImpl.createLogFromClass(LogFactoryImpl.java:1025)
	at org.apache.commons.logging.impl.LogFactoryImpl.discoverLogImplementation(LogFactoryImpl.java:844)
	at org.apache.commons.logging.impl.LogFactoryImpl.newInstance(LogFactoryImpl.java:541)
	at org.apache.commons.logging.impl.LogFactoryImpl.getInstance(LogFactoryImpl.java:292)
	at org.apache.commons.logging.impl.LogFactoryImpl.getInstance(LogFactoryImpl.java:269)
	at org.apache.commons.logging.LogFactory.getLog(LogFactory.java:655)
	at commons.BaseTest.<init>(BaseTest.java:33)
	at linagora.linshare.sharedspace.SharedSpace_03_Workgroup_Write_Role.<init>(SharedSpace_03_Workgroup_Write_Role.java:12)
	at java.base/jdk.internal.reflect.NativeConstructorAccessorImpl.newInstance0(Native Method)
	at java.base/jdk.internal.reflect.NativeConstructorAccessorImpl.newInstance(NativeConstructorAccessorImpl.java:62)
	at java.base/jdk.internal.reflect.DelegatingConstructorAccessorImpl.newInstance(DelegatingConstructorAccessorImpl.java:45)
	at java.base/java.lang.reflect.Constructor.newInstance(Constructor.java:490)
	at org.testng.internal.ObjectFactoryImpl.newInstance(ObjectFactoryImpl.java:24)
	at org.testng.internal.ClassHelper.createInstance1(ClassHelper.java:423)
	at org.testng.internal.ClassHelper.createInstance(ClassHelper.java:336)
	at org.testng.internal.ClassImpl.getDefaultInstance(ClassImpl.java:125)
	at org.testng.internal.ClassImpl.getInstances(ClassImpl.java:190)
	at org.testng.TestClass.getInstances(TestClass.java:95)
	at org.testng.TestClass.initTestClassesAndInstances(TestClass.java:81)
	at org.testng.TestClass.init(TestClass.java:73)
	at org.testng.TestClass.<init>(TestClass.java:38)
	at org.testng.TestRunner.initMethods(TestRunner.java:389)
	at org.testng.TestRunner.init(TestRunner.java:271)
	at org.testng.TestRunner.init(TestRunner.java:241)
	at org.testng.TestRunner.<init>(TestRunner.java:167)
	at org.testng.SuiteRunner$DefaultTestRunnerFactory.newTestRunner(SuiteRunner.java:663)
	at org.testng.SuiteRunner.init(SuiteRunner.java:260)
	at org.testng.SuiteRunner.<init>(SuiteRunner.java:198)
	at org.testng.TestNG.createSuiteRunner(TestNG.java:1295)
	at org.testng.TestNG.createSuiteRunners(TestNG.java:1273)
	at org.testng.TestNG.runSuitesLocally(TestNG.java:1128)
	at org.testng.TestNG.runSuites(TestNG.java:1049)
	at org.testng.TestNG.run(TestNG.java:1017)
	at org.apache.maven.surefire.testng.TestNGExecutor.run(TestNGExecutor.java:283)
	at org.apache.maven.surefire.testng.TestNGXmlTestSuite.execute(TestNGXmlTestSuite.java:75)
	at org.apache.maven.surefire.testng.TestNGProvider.invoke(TestNGProvider.java:120)
	at org.apache.maven.surefire.booter.ForkedBooter.invokeProviderInSameClassLoader(ForkedBooter.java:384)
	at org.apache.maven.surefire.booter.ForkedBooter.runSuitesInProcess(ForkedBooter.java:345)
	at org.apache.maven.surefire.booter.ForkedBooter.execute(ForkedBooter.java:126)
	at org.apache.maven.surefire.booter.ForkedBooter.main(ForkedBooter.java:418)
log4j:ERROR Could not create an Appender. Reported error follows.
java.lang.ClassCastException: class commons.TestNGAppender cannot be cast to class org.apache.log4j.Appender (commons.TestNGAppender and org.apache.log4j.Appender are in unnamed module of loader 'app')
	at org.apache.log4j.xml.DOMConfigurator.parseAppender(DOMConfigurator.java:248)
	at org.apache.log4j.xml.DOMConfigurator.findAppenderByName(DOMConfigurator.java:176)
	at org.apache.log4j.xml.DOMConfigurator.findAppenderByReference(DOMConfigurator.java:191)
	at org.apache.log4j.xml.DOMConfigurator.parseChildrenOfLoggerElement(DOMConfigurator.java:523)
	at org.apache.log4j.xml.DOMConfigurator.parseCategory(DOMConfigurator.java:436)
	at org.apache.log4j.xml.DOMConfigurator.parse(DOMConfigurator.java:999)
	at org.apache.log4j.xml.DOMConfigurator.doConfigure(DOMConfigurator.java:867)
	at org.apache.log4j.xml.DOMConfigurator.doConfigure(DOMConfigurator.java:773)
	at org.apache.log4j.helpers.OptionConverter.selectAndConfigure(OptionConverter.java:483)
	at org.apache.log4j.LogManager.<clinit>(LogManager.java:127)
	at org.apache.log4j.Logger.getLogger(Logger.java:104)
	at org.apache.commons.logging.impl.Log4JLogger.getLogger(Log4JLogger.java:262)
	at org.apache.commons.logging.impl.Log4JLogger.<init>(Log4JLogger.java:108)
	at java.base/jdk.internal.reflect.NativeConstructorAccessorImpl.newInstance0(Native Method)
	at java.base/jdk.internal.reflect.NativeConstructorAccessorImpl.newInstance(NativeConstructorAccessorImpl.java:62)
	at java.base/jdk.internal.reflect.DelegatingConstructorAccessorImpl.newInstance(DelegatingConstructorAccessorImpl.java:45)
	at java.base/java.lang.reflect.Constructor.newInstance(Constructor.java:490)
	at org.apache.commons.logging.impl.LogFactoryImpl.createLogFromClass(LogFactoryImpl.java:1025)
	at org.apache.commons.logging.impl.LogFactoryImpl.discoverLogImplementation(LogFactoryImpl.java:844)
	at org.apache.commons.logging.impl.LogFactoryImpl.newInstance(LogFactoryImpl.java:541)
	at org.apache.commons.logging.impl.LogFactoryImpl.getInstance(LogFactoryImpl.java:292)
	at org.apache.commons.logging.impl.LogFactoryImpl.getInstance(LogFactoryImpl.java:269)
	at org.apache.commons.logging.LogFactory.getLog(LogFactory.java:655)
	at commons.BaseTest.<init>(BaseTest.java:33)
	at linagora.linshare.sharedspace.SharedSpace_03_Workgroup_Write_Role.<init>(SharedSpace_03_Workgroup_Write_Role.java:12)
	at java.base/jdk.internal.reflect.NativeConstructorAccessorImpl.newInstance0(Native Method)
	at java.base/jdk.internal.reflect.NativeConstructorAccessorImpl.newInstance(NativeConstructorAccessorImpl.java:62)
	at java.base/jdk.internal.reflect.DelegatingConstructorAccessorImpl.newInstance(DelegatingConstructorAccessorImpl.java:45)
	at java.base/java.lang.reflect.Constructor.newInstance(Constructor.java:490)
	at org.testng.internal.ObjectFactoryImpl.newInstance(ObjectFactoryImpl.java:24)
	at org.testng.internal.ClassHelper.createInstance1(ClassHelper.java:423)
	at org.testng.internal.ClassHelper.createInstance(ClassHelper.java:336)
	at org.testng.internal.ClassImpl.getDefaultInstance(ClassImpl.java:125)
	at org.testng.internal.ClassImpl.getInstances(ClassImpl.java:190)
	at org.testng.TestClass.getInstances(TestClass.java:95)
	at org.testng.TestClass.initTestClassesAndInstances(TestClass.java:81)
	at org.testng.TestClass.init(TestClass.java:73)
	at org.testng.TestClass.<init>(TestClass.java:38)
	at org.testng.TestRunner.initMethods(TestRunner.java:389)
	at org.testng.TestRunner.init(TestRunner.java:271)
	at org.testng.TestRunner.init(TestRunner.java:241)
	at org.testng.TestRunner.<init>(TestRunner.java:167)
	at org.testng.SuiteRunner$DefaultTestRunnerFactory.newTestRunner(SuiteRunner.java:663)
	at org.testng.SuiteRunner.init(SuiteRunner.java:260)
	at org.testng.SuiteRunner.<init>(SuiteRunner.java:198)
	at org.testng.TestNG.createSuiteRunner(TestNG.java:1295)
	at org.testng.TestNG.createSuiteRunners(TestNG.java:1273)
	at org.testng.TestNG.runSuitesLocally(TestNG.java:1128)
	at org.testng.TestNG.runSuites(TestNG.java:1049)
	at org.testng.TestNG.run(TestNG.java:1017)
	at org.apache.maven.surefire.testng.TestNGExecutor.run(TestNGExecutor.java:283)
	at org.apache.maven.surefire.testng.TestNGXmlTestSuite.execute(TestNGXmlTestSuite.java:75)
	at org.apache.maven.surefire.testng.TestNGProvider.invoke(TestNGProvider.java:120)
	at org.apache.maven.surefire.booter.ForkedBooter.invokeProviderInSameClassLoader(ForkedBooter.java:384)
	at org.apache.maven.surefire.booter.ForkedBooter.runSuitesInProcess(ForkedBooter.java:345)
	at org.apache.maven.surefire.booter.ForkedBooter.execute(ForkedBooter.java:126)
	at org.apache.maven.surefire.booter.ForkedBooter.main(ForkedBooter.java:418)
log4j:ERROR Could not create an Appender. Reported error follows.
java.lang.ClassCastException: class commons.TestNGAppender cannot be cast to class org.apache.log4j.Appender (commons.TestNGAppender and org.apache.log4j.Appender are in unnamed module of loader 'app')
	at org.apache.log4j.xml.DOMConfigurator.parseAppender(DOMConfigurator.java:248)
	at org.apache.log4j.xml.DOMConfigurator.findAppenderByName(DOMConfigurator.java:176)
	at org.apache.log4j.xml.DOMConfigurator.findAppenderByReference(DOMConfigurator.java:191)
	at org.apache.log4j.xml.DOMConfigurator.parseChildrenOfLoggerElement(DOMConfigurator.java:523)
	at org.apache.log4j.xml.DOMConfigurator.parseCategory(DOMConfigurator.java:436)
	at org.apache.log4j.xml.DOMConfigurator.parse(DOMConfigurator.java:999)
	at org.apache.log4j.xml.DOMConfigurator.doConfigure(DOMConfigurator.java:867)
	at org.apache.log4j.xml.DOMConfigurator.doConfigure(DOMConfigurator.java:773)
	at org.apache.log4j.helpers.OptionConverter.selectAndConfigure(OptionConverter.java:483)
	at org.apache.log4j.LogManager.<clinit>(LogManager.java:127)
	at org.apache.log4j.Logger.getLogger(Logger.java:104)
	at org.apache.commons.logging.impl.Log4JLogger.getLogger(Log4JLogger.java:262)
	at org.apache.commons.logging.impl.Log4JLogger.<init>(Log4JLogger.java:108)
	at java.base/jdk.internal.reflect.NativeConstructorAccessorImpl.newInstance0(Native Method)
	at java.base/jdk.internal.reflect.NativeConstructorAccessorImpl.newInstance(NativeConstructorAccessorImpl.java:62)
	at java.base/jdk.internal.reflect.DelegatingConstructorAccessorImpl.newInstance(DelegatingConstructorAccessorImpl.java:45)
	at java.base/java.lang.reflect.Constructor.newInstance(Constructor.java:490)
	at org.apache.commons.logging.impl.LogFactoryImpl.createLogFromClass(LogFactoryImpl.java:1025)
	at org.apache.commons.logging.impl.LogFactoryImpl.discoverLogImplementation(LogFactoryImpl.java:844)
	at org.apache.commons.logging.impl.LogFactoryImpl.newInstance(LogFactoryImpl.java:541)
	at org.apache.commons.logging.impl.LogFactoryImpl.getInstance(LogFactoryImpl.java:292)
	at org.apache.commons.logging.impl.LogFactoryImpl.getInstance(LogFactoryImpl.java:269)
	at org.apache.commons.logging.LogFactory.getLog(LogFactory.java:655)
	at commons.BaseTest.<init>(BaseTest.java:33)
	at linagora.linshare.sharedspace.SharedSpace_03_Workgroup_Write_Role.<init>(SharedSpace_03_Workgroup_Write_Role.java:12)
	at java.base/jdk.internal.reflect.NativeConstructorAccessorImpl.newInstance0(Native Method)
	at java.base/jdk.internal.reflect.NativeConstructorAccessorImpl.newInstance(NativeConstructorAccessorImpl.java:62)
	at java.base/jdk.internal.reflect.DelegatingConstructorAccessorImpl.newInstance(DelegatingConstructorAccessorImpl.java:45)
	at java.base/java.lang.reflect.Constructor.newInstance(Constructor.java:490)
	at org.testng.internal.ObjectFactoryImpl.newInstance(ObjectFactoryImpl.java:24)
	at org.testng.internal.ClassHelper.createInstance1(ClassHelper.java:423)
	at org.testng.internal.ClassHelper.createInstance(ClassHelper.java:336)
	at org.testng.internal.ClassImpl.getDefaultInstance(ClassImpl.java:125)
	at org.testng.internal.ClassImpl.getInstances(ClassImpl.java:190)
	at org.testng.TestClass.getInstances(TestClass.java:95)
	at org.testng.TestClass.initTestClassesAndInstances(TestClass.java:81)
	at org.testng.TestClass.init(TestClass.java:73)
	at org.testng.TestClass.<init>(TestClass.java:38)
	at org.testng.TestRunner.initMethods(TestRunner.java:389)
	at org.testng.TestRunner.init(TestRunner.java:271)
	at org.testng.TestRunner.init(TestRunner.java:241)
	at org.testng.TestRunner.<init>(TestRunner.java:167)
	at org.testng.SuiteRunner$DefaultTestRunnerFactory.newTestRunner(SuiteRunner.java:663)
	at org.testng.SuiteRunner.init(SuiteRunner.java:260)
	at org.testng.SuiteRunner.<init>(SuiteRunner.java:198)
	at org.testng.TestNG.createSuiteRunner(TestNG.java:1295)
	at org.testng.TestNG.createSuiteRunners(TestNG.java:1273)
	at org.testng.TestNG.runSuitesLocally(TestNG.java:1128)
	at org.testng.TestNG.runSuites(TestNG.java:1049)
	at org.testng.TestNG.run(TestNG.java:1017)
	at org.apache.maven.surefire.testng.TestNGExecutor.run(TestNGExecutor.java:283)
	at org.apache.maven.surefire.testng.TestNGXmlTestSuite.execute(TestNGXmlTestSuite.java:75)
	at org.apache.maven.surefire.testng.TestNGProvider.invoke(TestNGProvider.java:120)
	at org.apache.maven.surefire.booter.ForkedBooter.invokeProviderInSameClassLoader(ForkedBooter.java:384)
	at org.apache.maven.surefire.booter.ForkedBooter.runSuitesInProcess(ForkedBooter.java:345)
	at org.apache.maven.surefire.booter.ForkedBooter.execute(ForkedBooter.java:126)
	at org.apache.maven.surefire.booter.ForkedBooter.main(ForkedBooter.java:418)
log4j:ERROR Could not create an Appender. Reported error follows.
java.lang.ClassCastException: class commons.TestNGAppender cannot be cast to class org.apache.log4j.Appender (commons.TestNGAppender and org.apache.log4j.Appender are in unnamed module of loader 'app')
	at org.apache.log4j.xml.DOMConfigurator.parseAppender(DOMConfigurator.java:248)
	at org.apache.log4j.xml.DOMConfigurator.findAppenderByName(DOMConfigurator.java:176)
	at org.apache.log4j.xml.DOMConfigurator.findAppenderByReference(DOMConfigurator.java:191)
	at org.apache.log4j.xml.DOMConfigurator.parseChildrenOfLoggerElement(DOMConfigurator.java:523)
	at org.apache.log4j.xml.DOMConfigurator.parseCategory(DOMConfigurator.java:436)
	at org.apache.log4j.xml.DOMConfigurator.parse(DOMConfigurator.java:999)
	at org.apache.log4j.xml.DOMConfigurator.doConfigure(DOMConfigurator.java:867)
	at org.apache.log4j.xml.DOMConfigurator.doConfigure(DOMConfigurator.java:773)
	at org.apache.log4j.helpers.OptionConverter.selectAndConfigure(OptionConverter.java:483)
	at org.apache.log4j.LogManager.<clinit>(LogManager.java:127)
	at org.apache.log4j.Logger.getLogger(Logger.java:104)
	at org.apache.commons.logging.impl.Log4JLogger.getLogger(Log4JLogger.java:262)
	at org.apache.commons.logging.impl.Log4JLogger.<init>(Log4JLogger.java:108)
	at java.base/jdk.internal.reflect.NativeConstructorAccessorImpl.newInstance0(Native Method)
	at java.base/jdk.internal.reflect.NativeConstructorAccessorImpl.newInstance(NativeConstructorAccessorImpl.java:62)
	at java.base/jdk.internal.reflect.DelegatingConstructorAccessorImpl.newInstance(DelegatingConstructorAccessorImpl.java:45)
	at java.base/java.lang.reflect.Constructor.newInstance(Constructor.java:490)
	at org.apache.commons.logging.impl.LogFactoryImpl.createLogFromClass(LogFactoryImpl.java:1025)
	at org.apache.commons.logging.impl.LogFactoryImpl.discoverLogImplementation(LogFactoryImpl.java:844)
	at org.apache.commons.logging.impl.LogFactoryImpl.newInstance(LogFactoryImpl.java:541)
	at org.apache.commons.logging.impl.LogFactoryImpl.getInstance(LogFactoryImpl.java:292)
	at org.apache.commons.logging.impl.LogFactoryImpl.getInstance(LogFactoryImpl.java:269)
	at org.apache.commons.logging.LogFactory.getLog(LogFactory.java:655)
	at commons.BaseTest.<init>(BaseTest.java:33)
	at linagora.linshare.sharedspace.SharedSpace_03_Workgroup_Write_Role.<init>(SharedSpace_03_Workgroup_Write_Role.java:12)
	at java.base/jdk.internal.reflect.NativeConstructorAccessorImpl.newInstance0(Native Method)
	at java.base/jdk.internal.reflect.NativeConstructorAccessorImpl.newInstance(NativeConstructorAccessorImpl.java:62)
	at java.base/jdk.internal.reflect.DelegatingConstructorAccessorImpl.newInstance(DelegatingConstructorAccessorImpl.java:45)
	at java.base/java.lang.reflect.Constructor.newInstance(Constructor.java:490)
	at org.testng.internal.ObjectFactoryImpl.newInstance(ObjectFactoryImpl.java:24)
	at org.testng.internal.ClassHelper.createInstance1(ClassHelper.java:423)
	at org.testng.internal.ClassHelper.createInstance(ClassHelper.java:336)
	at org.testng.internal.ClassImpl.getDefaultInstance(ClassImpl.java:125)
	at org.testng.internal.ClassImpl.getInstances(ClassImpl.java:190)
	at org.testng.TestClass.getInstances(TestClass.java:95)
	at org.testng.TestClass.initTestClassesAndInstances(TestClass.java:81)
	at org.testng.TestClass.init(TestClass.java:73)
	at org.testng.TestClass.<init>(TestClass.java:38)
	at org.testng.TestRunner.initMethods(TestRunner.java:389)
	at org.testng.TestRunner.init(TestRunner.java:271)
	at org.testng.TestRunner.init(TestRunner.java:241)
	at org.testng.TestRunner.<init>(TestRunner.java:167)
	at org.testng.SuiteRunner$DefaultTestRunnerFactory.newTestRunner(SuiteRunner.java:663)
	at org.testng.SuiteRunner.init(SuiteRunner.java:260)
	at org.testng.SuiteRunner.<init>(SuiteRunner.java:198)
	at org.testng.TestNG.createSuiteRunner(TestNG.java:1295)
	at org.testng.TestNG.createSuiteRunners(TestNG.java:1273)
	at org.testng.TestNG.runSuitesLocally(TestNG.java:1128)
	at org.testng.TestNG.runSuites(TestNG.java:1049)
	at org.testng.TestNG.run(TestNG.java:1017)
	at org.apache.maven.surefire.testng.TestNGExecutor.run(TestNGExecutor.java:283)
	at org.apache.maven.surefire.testng.TestNGXmlTestSuite.execute(TestNGXmlTestSuite.java:75)
	at org.apache.maven.surefire.testng.TestNGProvider.invoke(TestNGProvider.java:120)
	at org.apache.maven.surefire.booter.ForkedBooter.invokeProviderInSameClassLoader(ForkedBooter.java:384)
	at org.apache.maven.surefire.booter.ForkedBooter.runSuitesInProcess(ForkedBooter.java:345)
	at org.apache.maven.surefire.booter.ForkedBooter.execute(ForkedBooter.java:126)
	at org.apache.maven.surefire.booter.ForkedBooter.main(ForkedBooter.java:418)
Starting ChromeDriver 92.0.4515.107 (87a818b10553a07434ea9e2b6dccf3cbe7895134-refs/branch-heads/4515@{#1634}) on port 22933
Only local connections are allowed.
Please see https://chromedriver.chromium.org/security-considerations for suggestions on keeping ChromeDriver safe.
ChromeDriver was started successfully.
Sep 12, 2021 8:14:46 PM org.openqa.selenium.remote.ProtocolHandshake createSession
INFO: Detected dialect: W3C
[1631452786.895][SEVERE]: Timed out receiving message from renderer: 292.769
[1631452786.903][SEVERE]: Timed out receiving message from renderer: 292.769
]]></system-err>
  </testcase>
  <testcase name="SharedSpace_01_User_Can_Create_WorkGroup_With_New_Name" classname="linagora.linshare.sharedspace.SharedSpace_03_Workgroup_Write_Role" time="0">
    <skipped message="timeout: Timed out receiving message from renderer: 292.769&#10;  (Session info: chrome=92.0.4515.159)&#10;Build info: version: &apos;3.141.59&apos;, revision: &apos;e82be7d358&apos;, time: &apos;2018-11-14T08:17:03&apos;&#10;System info: host: &apos;tuanpv-HP-ProBook-440-G6&apos;, ip: &apos;127.0.1.1&apos;, os.name: &apos;Linux&apos;, os.arch: &apos;amd64&apos;, os.version: &apos;5.4.0-84-generic&apos;, java.version: &apos;11.0.11&apos;&#10;Driver info: org.openqa.selenium.chrome.ChromeDriver&#10;Capabilities {acceptInsecureCerts: false, browserName: chrome, browserVersion: 92.0.4515.159, chrome: {chromedriverVersion: 92.0.4515.107 (87a818b10553..., userDataDir: /tmp/.com.google.Chrome.oj0CbE}, goog:chromeOptions: {debuggerAddress: localhost:43213}, javascriptEnabled: true, networkConnectionEnabled: false, pageLoadStrategy: normal, platform: LINUX, platformName: LINUX, proxy: Proxy(), setWindowRect: true, strictFileInteractability: false, timeouts: {implicit: 0, pageLoad: 300000, script: 30000}, unhandledPromptBehavior: dismiss and notify, webauthn:extension:credBlob: true, webauthn:extension:largeBlob: true, webauthn:virtualAuthenticators: true}&#10;Session ID: ca05ba87e88bf8434cfbc716e7c0eff8"/>
  </testcase>
  <testcase name="SharedSpace_02_User_Can_Create_Folder_In_Workgroup_With_Admin_Right" classname="linagora.linshare.sharedspace.SharedSpace_03_Workgroup_Write_Role" time="0">
    <skipped message="timeout: Timed out receiving message from renderer: 292.769&#10;  (Session info: chrome=92.0.4515.159)&#10;Build info: version: &apos;3.141.59&apos;, revision: &apos;e82be7d358&apos;, time: &apos;2018-11-14T08:17:03&apos;&#10;System info: host: &apos;tuanpv-HP-ProBook-440-G6&apos;, ip: &apos;127.0.1.1&apos;, os.name: &apos;Linux&apos;, os.arch: &apos;amd64&apos;, os.version: &apos;5.4.0-84-generic&apos;, java.version: &apos;11.0.11&apos;&#10;Driver info: org.openqa.selenium.chrome.ChromeDriver&#10;Capabilities {acceptInsecureCerts: false, browserName: chrome, browserVersion: 92.0.4515.159, chrome: {chromedriverVersion: 92.0.4515.107 (87a818b10553..., userDataDir: /tmp/.com.google.Chrome.oj0CbE}, goog:chromeOptions: {debuggerAddress: localhost:43213}, javascriptEnabled: true, networkConnectionEnabled: false, pageLoadStrategy: normal, platform: LINUX, platformName: LINUX, proxy: Proxy(), setWindowRect: true, strictFileInteractability: false, timeouts: {implicit: 0, pageLoad: 300000, script: 30000}, unhandledPromptBehavior: dismiss and notify, webauthn:extension:credBlob: true, webauthn:extension:largeBlob: true, webauthn:virtualAuthenticators: true}&#10;Session ID: ca05ba87e88bf8434cfbc716e7c0eff8"/>
  </testcase>
  <testcase name="SharedSpace_03_User_Can_Upload_File_In_Workgroup" classname="linagora.linshare.sharedspace.SharedSpace_03_Workgroup_Write_Role" time="0">
    <skipped message="timeout: Timed out receiving message from renderer: 292.769&#10;  (Session info: chrome=92.0.4515.159)&#10;Build info: version: &apos;3.141.59&apos;, revision: &apos;e82be7d358&apos;, time: &apos;2018-11-14T08:17:03&apos;&#10;System info: host: &apos;tuanpv-HP-ProBook-440-G6&apos;, ip: &apos;127.0.1.1&apos;, os.name: &apos;Linux&apos;, os.arch: &apos;amd64&apos;, os.version: &apos;5.4.0-84-generic&apos;, java.version: &apos;11.0.11&apos;&#10;Driver info: org.openqa.selenium.chrome.ChromeDriver&#10;Capabilities {acceptInsecureCerts: false, browserName: chrome, browserVersion: 92.0.4515.159, chrome: {chromedriverVersion: 92.0.4515.107 (87a818b10553..., userDataDir: /tmp/.com.google.Chrome.oj0CbE}, goog:chromeOptions: {debuggerAddress: localhost:43213}, javascriptEnabled: true, networkConnectionEnabled: false, pageLoadStrategy: normal, platform: LINUX, platformName: LINUX, proxy: Proxy(), setWindowRect: true, strictFileInteractability: false, timeouts: {implicit: 0, pageLoad: 300000, script: 30000}, unhandledPromptBehavior: dismiss and notify, webauthn:extension:credBlob: true, webauthn:extension:largeBlob: true, webauthn:virtualAuthenticators: true}&#10;Session ID: ca05ba87e88bf8434cfbc716e7c0eff8"/>
  </testcase>
  <testcase name="SharedSpace_04_User_Can_Add_Member_With_Writer_Right" classname="linagora.linshare.sharedspace.SharedSpace_03_Workgroup_Write_Role" time="0">
    <skipped message="timeout: Timed out receiving message from renderer: 292.769&#10;  (Session info: chrome=92.0.4515.159)&#10;Build info: version: &apos;3.141.59&apos;, revision: &apos;e82be7d358&apos;, time: &apos;2018-11-14T08:17:03&apos;&#10;System info: host: &apos;tuanpv-HP-ProBook-440-G6&apos;, ip: &apos;127.0.1.1&apos;, os.name: &apos;Linux&apos;, os.arch: &apos;amd64&apos;, os.version: &apos;5.4.0-84-generic&apos;, java.version: &apos;11.0.11&apos;&#10;Driver info: org.openqa.selenium.chrome.ChromeDriver&#10;Capabilities {acceptInsecureCerts: false, browserName: chrome, browserVersion: 92.0.4515.159, chrome: {chromedriverVersion: 92.0.4515.107 (87a818b10553..., userDataDir: /tmp/.com.google.Chrome.oj0CbE}, goog:chromeOptions: {debuggerAddress: localhost:43213}, javascriptEnabled: true, networkConnectionEnabled: false, pageLoadStrategy: normal, platform: LINUX, platformName: LINUX, proxy: Proxy(), setWindowRect: true, strictFileInteractability: false, timeouts: {implicit: 0, pageLoad: 300000, script: 30000}, unhandledPromptBehavior: dismiss and notify, webauthn:extension:credBlob: true, webauthn:extension:largeBlob: true, webauthn:virtualAuthenticators: true}&#10;Session ID: ca05ba87e88bf8434cfbc716e7c0eff8"/>
  </testcase>
  <testcase name="SharedSpace_05_Invited_User_Receive_Workgroup_With_Contributor_Right_In_Shared_Space" classname="linagora.linshare.sharedspace.SharedSpace_03_Workgroup_Write_Role" time="0">
    <skipped message="timeout: Timed out receiving message from renderer: 292.769&#10;  (Session info: chrome=92.0.4515.159)&#10;Build info: version: &apos;3.141.59&apos;, revision: &apos;e82be7d358&apos;, time: &apos;2018-11-14T08:17:03&apos;&#10;System info: host: &apos;tuanpv-HP-ProBook-440-G6&apos;, ip: &apos;127.0.1.1&apos;, os.name: &apos;Linux&apos;, os.arch: &apos;amd64&apos;, os.version: &apos;5.4.0-84-generic&apos;, java.version: &apos;11.0.11&apos;&#10;Driver info: org.openqa.selenium.chrome.ChromeDriver&#10;Capabilities {acceptInsecureCerts: false, browserName: chrome, browserVersion: 92.0.4515.159, chrome: {chromedriverVersion: 92.0.4515.107 (87a818b10553..., userDataDir: /tmp/.com.google.Chrome.oj0CbE}, goog:chromeOptions: {debuggerAddress: localhost:43213}, javascriptEnabled: true, networkConnectionEnabled: false, pageLoadStrategy: normal, platform: LINUX, platformName: LINUX, proxy: Proxy(), setWindowRect: true, strictFileInteractability: false, timeouts: {implicit: 0, pageLoad: 300000, script: 30000}, unhandledPromptBehavior: dismiss and notify, webauthn:extension:credBlob: true, webauthn:extension:largeBlob: true, webauthn:virtualAuthenticators: true}&#10;Session ID: ca05ba87e88bf8434cfbc716e7c0eff8"/>
  </testcase>
</testsuite>